/******************************************************************************

    mameplus.lst

    This is an unofficial version based on MAME.
    Please do not send any reports from this build to the MAME team.

    List of all enabled drivers in the system. This file is parsed by
    makelist.exe, sorted, and output as C code describing the drivers.

****************************************************************************

    Copyright Aaron Giles
    All rights reserved.

    Redistribution and use in source and binary forms, with or without
    modification, are permitted provided that the following conditions are
    met:

        * Redistributions of source code must retain the above copyright
          notice, this list of conditions and the following disclaimer.
        * Redistributions in binary form must reproduce the above copyright
          notice, this list of conditions and the following disclaimer in
          the documentation and/or other materials provided with the
          distribution.
        * Neither the name 'MAME' nor the names of its contributors may be
          used to endorse or promote products derived from this software
          without specific prior written permission.

    THIS SOFTWARE IS PROVIDED BY AARON GILES ''AS IS'' AND ANY EXPRESS OR
    IMPLIED WARRANTIES, INCLUDING, BUT NOT LIMITED TO, THE IMPLIED
    WARRANTIES OF MERCHANTABILITY AND FITNESS FOR A PARTICULAR PURPOSE ARE
    DISCLAIMED. IN NO EVENT SHALL AARON GILES BE LIABLE FOR ANY DIRECT,
    INDIRECT, INCIDENTAL, SPECIAL, EXEMPLARY, OR CONSEQUENTIAL DAMAGES
    (INCLUDING, BUT NOT LIMITED TO, PROCUREMENT OF SUBSTITUTE GOODS OR
    SERVICES; LOSS OF USE, DATA, OR PROFITS; OR BUSINESS INTERRUPTION)
    HOWEVER CAUSED AND ON ANY THEORY OF LIABILITY, WHETHER IN CONTRACT,
    STRICT LIABILITY, OR TORT (INCLUDING NEGLIGENCE OR OTHERWISE) ARISING
    IN ANY WAY OUT OF THE USE OF THIS SOFTWARE, EVEN IF ADVISED OF THE
    POSSIBILITY OF SUCH DAMAGE.

******************************************************************************/

// Capcom CPS1 bootleg
captcommb2  // bootleg
knightsb2   // bootleg
knightsjb   // bootleg
sf2md       // bootleg
sf2m10      // bootleg
sf2m11      // bootleg
sf2m12      // bootleg
sf2m13      // bootleg
sf2m14      // bootleg
sf2m15      // bootleg
sf2th       // bootleg
sf2tha      // bootleg
sf2tlona    // bootleg, Tu Long set 1
sf2tlonb    // bootleg, Tu Long set 2
sf2tlonc    // bootleg, Tu Long set 3
sf2hfjb     // bootleg
varthb      // bootleg
wofb        // bootleg
wofsj       // bootleg, 1995  Holy Sword Three Kingdoms / Sheng Jian San Guo
wofsja      // bootleg, 1995  Holy Sword Three Kingdoms / Sheng Jian San Guo
wofsjb      // bootleg, 1995  Holy Sword Three Kingdoms / Sheng Jian San Guo
wof3js      // bootleg, 1997  Three Sword Masters / San Jian Sheng
wof3jsa     // bootleg, 1997  Three Sword Masters / San Jian Sheng
wof3sj      // bootleg, 1997  Three Holy Swords / San Sheng Jian
wof3sja     // bootleg, 1997  Three Holy Swords / San Sheng Jian
wofh        // bootleg, 1999  Legend of Three Kingdoms' Heroes / Sanguo Yingxiong Zhuan
wofha       // bootleg, 1999  Legend of Three Kingdoms' Heroes / Sanguo Yingxiong Zhuan

// Capcom CPS1 hack
kodh        // hack
knightsh    // hack
dinoh       // hack
dinoha      // hack
dinohb      // hack
wofchdx     // hack
wofjm       // hack

// Capcom CPS3 NO CD
redeartn

// Neo Geo bootleg
kof96ep     // 0214 (c) 1996 bootleg
kof97pla    // 0232 (c) 2003 bootleg
kf2k1pls    // 0262 (c) 2001 bootleg
kf2k1pla    // 0262 (c) 2001 bootleg
cthd2k3a    // 5003 (c) bootleg of kof2001
kf2k2plb    // 0265 (c) 2002 bootleg
kf2k2plc    // 0265 (c) 2002 bootleg
kf2k4pls    // 2265 (c) bootleg of kof2002
kof10thu    // 0275 (c) bootleg of kof2002
mslug5b     // 0268 (c) 2003 bootleg
svcplusb    // 0269 (c) 2003 bootleg

// NGCD Conversion
tpgolfcd    // 0003 hack - CD to MVS Conversion
sengokcd    // 0017 hack - CD to MVS Conversion
gpilotcd    // 0020 hack - CD to MVS Conversion
joyjoycd    // 0021 hack - CD to MVS Conversion
2020bbcd    // 0030 hack - CD to MVS Conversion
strhopcd    // 0079 hack - CD to MVS Conversion
pbobblcd    // 0083 hack - CD to MVS Conversion
fr2ch       // 0098 hack - CD to MVS Conversion
zintrkcd    // 0211 hack - CD to MVS Conversion by Razoola
lasthpcd    // 0300 hack - CD to MVS Conversion

kovsgqyzc   // bootleg, pgm.c
kovassg   // bootleg, pgm.c

#ifndef NCP

// Konami "Nemesis hardware" games
spclone     // GX587 (c) 1986 based

bublcave    // hack, bublbobl.c 
bublredux   // hack, bublbobl.c 
ddonpacha   // hack, cave.c
outrunen    // hack, segaorun.c
#endif // !NCP
