/******************************************************************************

    mamehb.lst

    This is an unofficial version based on MAME.
    Please do not send any reports from this build to the MAME team.

    List of all enabled drivers in the system. This file is parsed by
    makelist.exe, sorted, and output as C code describing the drivers.

****************************************************************************

    Copyright Aaron Giles
    All rights reserved.

    Redistribution and use in source and binary forms, with or without
    modification, are permitted provided that the following conditions are
    met:

        * Redistributions of source code must retain the above copyright
          notice, this list of conditions and the following disclaimer.
        * Redistributions in binary form must reproduce the above copyright
          notice, this list of conditions and the following disclaimer in
          the documentation and/or other materials provided with the
          distribution.
        * Neither the name 'MAME' nor the names of its contributors may be
          used to endorse or promote products derived from this software
          without specific prior written permission.

    THIS SOFTWARE IS PROVIDED BY AARON GILES ''AS IS'' AND ANY EXPRESS OR
    IMPLIED WARRANTIES, INCLUDING, BUT NOT LIMITED TO, THE IMPLIED
    WARRANTIES OF MERCHANTABILITY AND FITNESS FOR A PARTICULAR PURPOSE ARE
    DISCLAIMED. IN NO EVENT SHALL AARON GILES BE LIABLE FOR ANY DIRECT,
    INDIRECT, INCIDENTAL, SPECIAL, EXEMPLARY, OR CONSEQUENTIAL DAMAGES
    (INCLUDING, BUT NOT LIMITED TO, PROCUREMENT OF SUBSTITUTE GOODS OR
    SERVICES; LOSS OF USE, DATA, OR PROFITS; OR BUSINESS INTERRUPTION)
    HOWEVER CAUSED AND ON ANY THEORY OF LIABILITY, WHETHER IN CONTRACT,
    STRICT LIABILITY, OR TORT (INCLUDING NEGLIGENCE OR OTHERWISE) ARISING
    IN ANY WAY OUT OF THE USE OF THIS SOFTWARE, EVEN IF ADVISED OF THE
    POSSIBILITY OF SUCH DAMAGE.

******************************************************************************/

#ifndef NCP
// Homebrew
vantris			// http://web.utanet.at/nkehrer
#endif // !NCP

// Neo Geo homebrew
neonopon                // (c) 2002 Blastar
neopong                 // (c) 2002 Neodev
columnsn                // http://www.neobitz.com
beast                   // http://www.neobitz.com
poknight                // http://www.neobitz.com
neo2500                 // (c) 2004 Blastar
syscheck                // (c) 2004 Blastar
ltora                   // (c) 2005 Blastar
frogfest                // (c) 2006 Rastersoft
cnbe                    // (c) 2006 Blastar
ngem2k                  // (c) 2006 Blastar
totcarib                // (c) 2011 Le Cortex
neothndr                // (c) 2012 Sebastian Mihai
neotet                  // (c) 2013 Crim / Stephen
cphd                    // (c) 2013 Le Cortex
timesupd                // (c) 2012 NGF Dev. Inc.
bbbuster                // (c) 2011 Le Cortex

// Neo Geo hack
kof96ae                 // 2007 EGHT hack
kof96ae20               // 2009 EGHT hack
kf2k2ps2                // 2007 EGHT hack
samsho5x                // 2003 hack
